  Building Custom Rule C:/portaudio-19.7.0/CMakeLists.txt
  pa_allocation.c
  pa_converters.c
  pa_cpuload.c
  pa_debugprint.c
  pa_dither.c
  pa_front.c
  pa_process.c
  pa_ringbuffer.c
  pa_stream.c
  pa_trace.c
  pa_hostapi_skeleton.c
  pa_win_hostapis.c
  pa_win_util.c
  pa_win_waveformat.c
  pa_win_wdmks_utils.c
  pa_win_coinitialize.c
  pa_x86_plain_converters.c
  pa_win_ds.c
  pa_win_ds_dynlink.c
  pa_win_wmme.c
  코드를 생성하고 있습니다...
  컴파일하고 있습니다...
  pa_win_wasapi.c
  pa_win_wdmks.c
  코드를 생성하고 있습니다...
     C:/portaudio-19.7.0/build/Debug/portaudio_x64.lib 라이브러리 및 C:/portaudio-19.7.0/build/Debug/portaudio_x64.exp 개체를 생성하고 있습니다.
  portaudio.vcxproj -> C:\portaudio-19.7.0\build\Debug\portaudio_x64.dll
